<?xml version="1.0" encoding="UTF-8"?>
<!-- Generated by org.testng.reporters.JUnitXMLReporter -->
<testsuite ignored="0" hostname="DESKTOP-HERO5B5" failures="0" tests="3" name="Default test" time="7.092" errors="0" timestamp="2020-05-30T13:17:13 MESZ">
  <testcase classname="tests.AddProductToShoppingCartTest" name="UserCanSearchForProductUsingAutoSuggest" time="5.1"/>
  <testcase classname="tests.AddProductToShoppingCartTest" name="UserCanAddProductToShoppingCart" time="1.079"/>
  <testcase classname="tests.AddProductToShoppingCartTest" name="UserCanRemoveProductFromShoppingCart" time="0.845"/>
</testsuite> <!-- Default test -->
