<?xml version="1.0" encoding="UTF-8"?>
<!-- Generated by org.testng.reporters.JUnitXMLReporter -->
<testsuite ignored="0" hostname="DESKTOP-HERO5B5" failures="0" tests="5" name="Default test" time="51.793" errors="0" timestamp="2020-06-01T18:55:56 MESZ">
  <testcase classname="tests.RegesitredUserCheckoutProductTest" name="UserCanRegisterSuccessfully" time="6.495"/>
  <testcase classname="tests.RegesitredUserCheckoutProductTest" name="UserCanSearchUsingAutoSugggest" time="4.274"/>
  <testcase classname="tests.RegesitredUserCheckoutProductTest" name="UserCanAddProductToShoppingCart" time="1.934"/>
  <testcase classname="tests.RegesitredUserCheckoutProductTest" name="UserCanCheckoutProduct" time="38.012"/>
  <testcase classname="tests.RegesitredUserCheckoutProductTest" name="RegeistredUserCanLogOut" time="1.001"/>
</testsuite> <!-- Default test -->
