<?xml version="1.0" encoding="UTF-8"?>
<testng-results ignored="0" total="3" passed="3" failed="0" skipped="0">
  <reporter-output>
  </reporter-output>
  <suite started-at="2020-06-06T11:47:07 MESZ" name="Default suite" finished-at="2020-06-06T11:47:19 MESZ" duration-ms="11899">
    <groups>
    </groups>
    <test started-at="2020-06-06T11:47:07 MESZ" name="Default test" finished-at="2020-06-06T11:47:19 MESZ" duration-ms="11899">
      <class name="tests.UserRgistrationTestWithDDTAndPropereiteisFile">
        <test-method is-config="true" signature="startDriver(java.lang.String)[pri:0, instance:tests.UserRgistrationTestWithDDTAndPropereiteisFile@38c5cc4c]" started-at="2020-06-06T11:46:27 MESZ" name="startDriver" finished-at="2020-06-06T11:47:07 MESZ" duration-ms="40219" status="PASS">
          <params>
            <param index="0">
              <value>
                <![CDATA[firefox]]>
              </value>
            </param>
          </params>
          <reporter-output>
          </reporter-output>
        </test-method> <!-- startDriver -->
        <test-method signature="UserCanRegisterSuccessfully()[pri:1, instance:tests.UserRgistrationTestWithDDTAndPropereiteisFile@38c5cc4c]" started-at="2020-06-06T11:47:07 MESZ" name="UserCanRegisterSuccessfully" finished-at="2020-06-06T11:47:14 MESZ" duration-ms="6880" status="PASS">
          <reporter-output>
          </reporter-output>
        </test-method> <!-- UserCanRegisterSuccessfully -->
        <test-method is-config="true" signature="screenshotOnFailure(org.testng.ITestResult)[pri:0, instance:tests.UserRgistrationTestWithDDTAndPropereiteisFile@38c5cc4c]" started-at="2020-06-06T11:47:14 MESZ" name="screenshotOnFailure" finished-at="2020-06-06T11:47:14 MESZ" duration-ms="2" status="PASS">
          <params>
            <param index="0">
              <value>
                <![CDATA[[TestResult name=UserCanRegisterSuccessfully status=SUCCESS method=UserRgistrationTestWithDDTAndPropereiteisFile.UserCanRegisterSuccessfully()[pri:1, instance:tests.UserRgistrationTestWithDDTAndPropereiteisFile@38c5cc4c] output={null}]]]>
              </value>
            </param>
          </params>
          <reporter-output>
          </reporter-output>
        </test-method> <!-- screenshotOnFailure -->
        <test-method signature="UserCanLogOut()[pri:0, instance:tests.UserRgistrationTestWithDDTAndPropereiteisFile@38c5cc4c]" started-at="2020-06-06T11:47:14 MESZ" name="UserCanLogOut" finished-at="2020-06-06T11:47:17 MESZ" depends-on-methods="tests.UserRgistrationTestWithDDTAndPropereiteisFile.UserCanRegisterSuccessfully" duration-ms="2349" status="PASS">
          <reporter-output>
          </reporter-output>
        </test-method> <!-- UserCanLogOut -->
        <test-method is-config="true" signature="screenshotOnFailure(org.testng.ITestResult)[pri:0, instance:tests.UserRgistrationTestWithDDTAndPropereiteisFile@38c5cc4c]" started-at="2020-06-06T11:47:17 MESZ" name="screenshotOnFailure" finished-at="2020-06-06T11:47:17 MESZ" duration-ms="1" status="PASS">
          <params>
            <param index="0">
              <value>
                <![CDATA[[TestResult name=UserCanLogOut status=SUCCESS method=UserRgistrationTestWithDDTAndPropereiteisFile.UserCanLogOut()[pri:0, instance:tests.UserRgistrationTestWithDDTAndPropereiteisFile@38c5cc4c] output={null}]]]>
              </value>
            </param>
          </params>
          <reporter-output>
          </reporter-output>
        </test-method> <!-- screenshotOnFailure -->
        <test-method signature="UserLogIn()[pri:0, instance:tests.UserRgistrationTestWithDDTAndPropereiteisFile@38c5cc4c]" started-at="2020-06-06T11:47:17 MESZ" name="UserLogIn" finished-at="2020-06-06T11:47:19 MESZ" depends-on-methods="tests.UserRgistrationTestWithDDTAndPropereiteisFile.UserCanLogOut" duration-ms="2498" status="PASS">
          <reporter-output>
          </reporter-output>
        </test-method> <!-- UserLogIn -->
        <test-method is-config="true" signature="screenshotOnFailure(org.testng.ITestResult)[pri:0, instance:tests.UserRgistrationTestWithDDTAndPropereiteisFile@38c5cc4c]" started-at="2020-06-06T11:47:19 MESZ" name="screenshotOnFailure" finished-at="2020-06-06T11:47:19 MESZ" duration-ms="1" status="PASS">
          <params>
            <param index="0">
              <value>
                <![CDATA[[TestResult name=UserLogIn status=SUCCESS method=UserRgistrationTestWithDDTAndPropereiteisFile.UserLogIn()[pri:0, instance:tests.UserRgistrationTestWithDDTAndPropereiteisFile@38c5cc4c] output={null}]]]>
              </value>
            </param>
          </params>
          <reporter-output>
          </reporter-output>
        </test-method> <!-- screenshotOnFailure -->
        <test-method is-config="true" signature="stopDriver()[pri:0, instance:tests.UserRgistrationTestWithDDTAndPropereiteisFile@38c5cc4c]" started-at="2020-06-06T11:47:20 MESZ" name="stopDriver" finished-at="2020-06-06T11:47:24 MESZ" duration-ms="4793" status="PASS">
          <reporter-output>
          </reporter-output>
        </test-method> <!-- stopDriver -->
      </class> <!-- tests.UserRgistrationTestWithDDTAndPropereiteisFile -->
    </test> <!-- Default test -->
  </suite> <!-- Default suite -->
</testng-results>
